This is pdfTeX, Version 3.141592653-2.6-1.40.22 (TeX Live 2021/W32TeX) (preloaded format=pdflatex 2021.9.19)  19 MAY 2024 12:52
entering extended mode
 restricted \write18 enabled.
 file:line:error style messages enabled.
 %&-line parsing enabled.
**"d:/Git/cv/Assignment2/latex template/template.tex"
(d:/Git/cv/Assignment2/latex template/template.tex
LaTeX2e <2020-10-01> patch level 4
L3 programming layer <2021-02-18> (d:/texlive/2021/texmf-dist/tex/latex/base/article.cls
Document Class: article 2020/04/10 v1.4m Standard LaTeX document class
(d:/texlive/2021/texmf-dist/tex/latex/base/size10.clo
File: size10.clo 2020/04/10 v1.4m Standard LaTeX file (size option)
)
\c@part=\count179
\c@section=\count180
\c@subsection=\count181
\c@subsubsection=\count182
\c@paragraph=\count183
\c@subparagraph=\count184
\c@figure=\count185
\c@table=\count186
\abovecaptionskip=\skip47
\belowcaptionskip=\skip48
\bibindent=\dimen138
) (d:/texlive/2021/texmf-dist/tex/latex/geometry/geometry.sty
Package: geometry 2020/01/02 v5.9 Page Geometry
 (d:/texlive/2021/texmf-dist/tex/latex/graphics/keyval.sty
Package: keyval 2014/10/28 v1.15 key=value parser (DPC)
\KV@toks@=\toks15
) (d:/texlive/2021/texmf-dist/tex/generic/iftex/ifvtex.sty
Package: ifvtex 2019/10/25 v1.7 ifvtex legacy package. Use iftex instead.
 (d:/texlive/2021/texmf-dist/tex/generic/iftex/iftex.sty
Package: iftex 2020/03/06 v1.0d TeX engine tests
))
\Gm@cnth=\count187
\Gm@cntv=\count188
\c@Gm@tempcnt=\count189
\Gm@bindingoffset=\dimen139
\Gm@wd@mp=\dimen140
\Gm@odd@mp=\dimen141
\Gm@even@mp=\dimen142
\Gm@layoutwidth=\dimen143
\Gm@layoutheight=\dimen144
\Gm@layouthoffset=\dimen145
\Gm@layoutvoffset=\dimen146
\Gm@dimlist=\toks16
) (d:/texlive/2021/texmf-dist/tex/latex/graphics/color.sty
Package: color 2020/02/24 v1.2b Standard LaTeX Color (DPC)
 (d:/texlive/2021/texmf-dist/tex/latex/graphics-cfg/color.cfg
File: color.cfg 2016/01/02 v1.6 sample color configuration
)
Package color Info: Driver file: pdftex.def on input line 147.
 (d:/texlive/2021/texmf-dist/tex/latex/graphics-def/pdftex.def
File: pdftex.def 2020/10/05 v1.2a Graphics/color driver for pdftex
)) (d:/texlive/2021/texmf-dist/tex/latex/graphics/graphicx.sty
Package: graphicx 2020/09/09 v1.2b Enhanced LaTeX Graphics (DPC,SPQR)
 (d:/texlive/2021/texmf-dist/tex/latex/graphics/graphics.sty
Package: graphics 2020/08/30 v1.4c Standard LaTeX Graphics (DPC,SPQR)
 (d:/texlive/2021/texmf-dist/tex/latex/graphics/trig.sty
Package: trig 2016/01/03 v1.10 sin cos tan (DPC)
) (d:/texlive/2021/texmf-dist/tex/latex/graphics-cfg/graphics.cfg
File: graphics.cfg 2016/06/04 v1.11 sample graphics configuration
)
Package graphics Info: Driver file: pdftex.def on input line 105.
)
\Gin@req@height=\dimen147
\Gin@req@width=\dimen148
) (d:/texlive/2021/texmf-dist/tex/latex/subfig/subfig.sty
Package: subfig 2005/06/28 ver: 1.3 subfig package
 (d:/texlive/2021/texmf-dist/tex/latex/caption/caption.sty
Package: caption 2020/10/26 v3.5g Customizing captions (AR)
 (d:/texlive/2021/texmf-dist/tex/latex/caption/caption3.sty
Package: caption3 2020/10/21 v2.2e caption3 kernel (AR)
\captionmargin=\dimen149
\captionmargin@=\dimen150
\captionwidth=\dimen151
\caption@tempdima=\dimen152
\caption@indent=\dimen153
\caption@parindent=\dimen154
\caption@hangindent=\dimen155
Package caption Info: Standard document class detected.
)
\c@caption@flags=\count190
\c@continuedfloat=\count191
)
\c@KVtest=\count192
\sf@farskip=\skip49
\sf@captopadj=\dimen156
\sf@capskip=\skip50
\sf@nearskip=\skip51
\c@subfigure=\count193
\c@subfigure@save=\count194
\c@lofdepth=\count195
\c@subtable=\count196
\c@subtable@save=\count197
\c@lotdepth=\count198
\sf@top=\skip52
\sf@bottom=\skip53
) (d:/texlive/2021/texmf-dist/tex/latex/amsfonts/amssymb.sty
Package: amssymb 2013/01/14 v3.01 AMS font symbols
 (d:/texlive/2021/texmf-dist/tex/latex/amsfonts/amsfonts.sty
Package: amsfonts 2013/01/14 v3.01 Basic AMSFonts support
\@emptytoks=\toks17
\symAMSa=\mathgroup4
\symAMSb=\mathgroup5
LaTeX Font Info:    Redeclaring math symbol \hbar on input line 98.
LaTeX Font Info:    Overwriting math alphabet `\mathfrak' in version `bold'
(Font)                  U/euf/m/n --> U/euf/b/n on input line 106.
)) (d:/texlive/2021/texmf-dist/tex/latex/amsmath/amsmath.sty
Package: amsmath 2020/09/23 v2.17i AMS math features
\@mathmargin=\skip54

For additional information on amsmath, use the `?' option.
(d:/texlive/2021/texmf-dist/tex/latex/amsmath/amstext.sty
Package: amstext 2000/06/29 v2.01 AMS text
 (d:/texlive/2021/texmf-dist/tex/latex/amsmath/amsgen.sty
File: amsgen.sty 1999/11/30 v2.0 generic functions
\@emptytoks=\toks18
\ex@=\dimen157
)) (d:/texlive/2021/texmf-dist/tex/latex/amsmath/amsbsy.sty
Package: amsbsy 1999/11/29 v1.2d Bold Symbols
\pmbraise@=\dimen158
) (d:/texlive/2021/texmf-dist/tex/latex/amsmath/amsopn.sty
Package: amsopn 2016/03/08 v2.02 operator names
)
\inf@bad=\count199
LaTeX Info: Redefining \frac on input line 234.
\uproot@=\count266
\leftroot@=\count267
LaTeX Info: Redefining \overline on input line 399.
\classnum@=\count268
\DOTSCASE@=\count269
LaTeX Info: Redefining \ldots on input line 496.
LaTeX Info: Redefining \dots on input line 499.
LaTeX Info: Redefining \cdots on input line 620.
\Mathstrutbox@=\box47
\strutbox@=\box48
\big@size=\dimen159
LaTeX Font Info:    Redeclaring font encoding OML on input line 743.
LaTeX Font Info:    Redeclaring font encoding OMS on input line 744.
\macc@depth=\count270
\c@MaxMatrixCols=\count271
\dotsspace@=\muskip16
\c@parentequation=\count272
\dspbrk@lvl=\count273
\tag@help=\toks19
\row@=\count274
\column@=\count275
\maxfields@=\count276
\andhelp@=\toks20
\eqnshift@=\dimen160
\alignsep@=\dimen161
\tagshift@=\dimen162
\tagwidth@=\dimen163
\totwidth@=\dimen164
\lineht@=\dimen165
\@envbody=\toks21
\multlinegap=\skip55
\multlinetaggap=\skip56
\mathdisplay@stack=\toks22
LaTeX Info: Redefining \[ on input line 2923.
LaTeX Info: Redefining \] on input line 2924.
) (d:/texlive/2021/texmf-dist/tex/latex/amscls/amsthm.sty
Package: amsthm 2020/05/29 v2.20.6
\thm@style=\toks23
\thm@bodyfont=\toks24
\thm@headfont=\toks25
\thm@notefont=\toks26
\thm@headpunct=\toks27
\thm@preskip=\skip57
\thm@postskip=\skip58
\thm@headsep=\skip59
\dth@everypar=\toks28
) (d:/texlive/2021/texmf-dist/tex/latex/tools/enumerate.sty
Package: enumerate 2015/07/23 v3.00 enumerate extensions (DPC)
\@enLab=\toks29
) (d:/texlive/2021/texmf-dist/tex/latex/tools/bm.sty
Package: bm 2019/07/24 v1.2d Bold Symbol Support (DPC/FMi)
\symboldoperators=\mathgroup6
\symboldletters=\mathgroup7
\symboldsymbols=\mathgroup8
LaTeX Font Info:    Redeclaring math alphabet \mathbf on input line 141.
LaTeX Info: Redefining \bm on input line 209.
) (d:/texlive/2021/texmf-dist/tex/latex/hyperref/hyperref.sty
Package: hyperref 2021-02-27 v7.00k Hypertext links for LaTeX
 (d:/texlive/2021/texmf-dist/tex/generic/ltxcmds/ltxcmds.sty
Package: ltxcmds 2020-05-10 v1.25 LaTeX kernel commands for general use (HO)
) (d:/texlive/2021/texmf-dist/tex/generic/pdftexcmds/pdftexcmds.sty
Package: pdftexcmds 2020-06-27 v0.33 Utility functions of pdfTeX for LuaTeX (HO)
 (d:/texlive/2021/texmf-dist/tex/generic/infwarerr/infwarerr.sty
Package: infwarerr 2019/12/03 v1.5 Providing info/warning/error messages (HO)
)
Package pdftexcmds Info: \pdf@primitive is available.
Package pdftexcmds Info: \pdf@ifprimitive is available.
Package pdftexcmds Info: \pdfdraftmode found.
) (d:/texlive/2021/texmf-dist/tex/generic/kvsetkeys/kvsetkeys.sty
Package: kvsetkeys 2019/12/15 v1.18 Key value parser (HO)
) (d:/texlive/2021/texmf-dist/tex/generic/kvdefinekeys/kvdefinekeys.sty
Package: kvdefinekeys 2019-12-19 v1.6 Define keys (HO)
) (d:/texlive/2021/texmf-dist/tex/generic/pdfescape/pdfescape.sty
Package: pdfescape 2019/12/09 v1.15 Implements pdfTeX's escape features (HO)
) (d:/texlive/2021/texmf-dist/tex/latex/hycolor/hycolor.sty
Package: hycolor 2020-01-27 v1.10 Color options for hyperref/bookmark (HO)
) (d:/texlive/2021/texmf-dist/tex/latex/letltxmacro/letltxmacro.sty
Package: letltxmacro 2019/12/03 v1.6 Let assignment for LaTeX macros (HO)
) (d:/texlive/2021/texmf-dist/tex/latex/auxhook/auxhook.sty
Package: auxhook 2019-12-17 v1.6 Hooks for auxiliary files (HO)
) (d:/texlive/2021/texmf-dist/tex/latex/kvoptions/kvoptions.sty
Package: kvoptions 2020-10-07 v3.14 Key value format for package options (HO)
)
\@linkdim=\dimen166
\Hy@linkcounter=\count277
\Hy@pagecounter=\count278
 (d:/texlive/2021/texmf-dist/tex/latex/hyperref/pd1enc.def
File: pd1enc.def 2021-02-27 v7.00k Hyperref: PDFDocEncoding definition (HO)
Now handling font encoding PD1 ...
... no UTF-8 mapping file for font encoding PD1
) (d:/texlive/2021/texmf-dist/tex/latex/hyperref/hyperref-langpatches.def
File: hyperref-langpatches.def 2021-02-27 v7.00k Hyperref: patches for babel languages
) (d:/texlive/2021/texmf-dist/tex/generic/intcalc/intcalc.sty
Package: intcalc 2019/12/15 v1.3 Expandable calculations with integers (HO)
) (d:/texlive/2021/texmf-dist/tex/generic/etexcmds/etexcmds.sty
Package: etexcmds 2019/12/15 v1.7 Avoid name clashes with e-TeX commands (HO)
)
\Hy@SavedSpaceFactor=\count279
 (d:/texlive/2021/texmf-dist/tex/latex/hyperref/puenc.def
File: puenc.def 2021-02-27 v7.00k Hyperref: PDF Unicode definition (HO)
Now handling font encoding PU ...
... no UTF-8 mapping file for font encoding PU
)
Package hyperref Info: Hyper figures OFF on input line 4192.
Package hyperref Info: Link nesting OFF on input line 4197.
Package hyperref Info: Hyper index ON on input line 4200.
Package hyperref Info: Plain pages OFF on input line 4207.
Package hyperref Info: Backreferencing OFF on input line 4212.
Package hyperref Info: Implicit mode ON; LaTeX internals redefined.
Package hyperref Info: Bookmarks ON on input line 4445.
\c@Hy@tempcnt=\count280
 (d:/texlive/2021/texmf-dist/tex/latex/url/url.sty
\Urlmuskip=\muskip17
Package: url 2013/09/16  ver 3.4  Verb mode for urls, etc.
)
LaTeX Info: Redefining \url on input line 4804.
\XeTeXLinkMargin=\dimen167
 (d:/texlive/2021/texmf-dist/tex/generic/bitset/bitset.sty
Package: bitset 2019/12/09 v1.3 Handle bit-vector datatype (HO)
 (d:/texlive/2021/texmf-dist/tex/generic/bigintcalc/bigintcalc.sty
Package: bigintcalc 2019/12/15 v1.5 Expandable calculations on big integers (HO)
))
\Fld@menulength=\count281
\Field@Width=\dimen168
\Fld@charsize=\dimen169
Package hyperref Info: Hyper figures OFF on input line 6075.
Package hyperref Info: Link nesting OFF on input line 6080.
Package hyperref Info: Hyper index ON on input line 6083.
Package hyperref Info: backreferencing OFF on input line 6090.
Package hyperref Info: Link coloring OFF on input line 6095.
Package hyperref Info: Link coloring with OCG OFF on input line 6100.
Package hyperref Info: PDF/A mode OFF on input line 6105.
LaTeX Info: Redefining \ref on input line 6145.
LaTeX Info: Redefining \pageref on input line 6149.
 (d:/texlive/2021/texmf-dist/tex/latex/base/atbegshi-ltx.sty
Package: atbegshi-ltx 2020/08/17 v1.0a Emulation of the original atbegshi package
with kernel methods
)
\Hy@abspage=\count282
\c@Item=\count283
\c@Hfootnote=\count284
)
Package hyperref Info: Driver (autodetected): hpdftex.
 (d:/texlive/2021/texmf-dist/tex/latex/hyperref/hpdftex.def
File: hpdftex.def 2021-02-27 v7.00k Hyperref driver for pdfTeX
 (d:/texlive/2021/texmf-dist/tex/latex/base/atveryend-ltx.sty
Package: atveryend-ltx 2020/08/19 v1.0a Emulation of the original atvery package
with kernel methods
)
\Fld@listcount=\count285
\c@bookmark@seq@number=\count286
 (d:/texlive/2021/texmf-dist/tex/latex/rerunfilecheck/rerunfilecheck.sty
Package: rerunfilecheck 2019/12/05 v1.9 Rerun checks for auxiliary files (HO)
 (d:/texlive/2021/texmf-dist/tex/generic/uniquecounter/uniquecounter.sty
Package: uniquecounter 2019/12/15 v1.4 Provide unlimited unique counter (HO)
)
Package uniquecounter Info: New unique counter `rerunfilecheck' on input line 286.
)
\Hy@SectionHShift=\skip60
) (d:/texlive/2021/texmf-dist/tex/latex/graphics/epsfig.sty
Package: epsfig 2017/06/25 v1.7b (e)psfig emulation (SPQR)
\epsfxsize=\dimen170
\epsfysize=\dimen171
) (d:/texlive/2021/texmf-dist/tex/latex/mdframed/mdframed.sty
Package: mdframed 2013/07/01 1.9b: mdframed
 (d:/texlive/2021/texmf-dist/tex/latex/l3packages/xparse/xparse.sty (d:/texlive/2021/texmf-dist/tex/latex/l3kernel/expl3.sty
Package: expl3 2021-02-18 L3 programming layer (loader) 
 (d:/texlive/2021/texmf-dist/tex/latex/l3backend/l3backend-pdftex.def
File: l3backend-pdftex.def 2021-03-18 L3 backend support: PDF output (pdfTeX)
\l__color_backend_stack_int=\count287
\l__pdf_internal_box=\box49
)) (d:/texlive/2021/texmf-dist/tex/latex/l3packages/xparse/xparse-2020-10-01.sty (d:/texlive/2021/texmf-dist/tex/latex/l3packages/xparse/xparse-generic.tex))) (d:/texlive/2021/texmf-dist/tex/latex/etoolbox/etoolbox.sty
Package: etoolbox 2020/10/05 v2.5k e-TeX tools for LaTeX (JAW)
\etb@tempcnta=\count288
) (d:/texlive/2021/texmf-dist/tex/latex/zref/zref-abspage.sty
Package: zref-abspage 2020-07-03 v2.32 Module abspage for zref (HO)
 (d:/texlive/2021/texmf-dist/tex/latex/zref/zref-base.sty
Package: zref-base 2020-07-03 v2.32 Module base for zref (HO)
Package zref Info: New property list: main on input line 764.
Package zref Info: New property: default on input line 765.
Package zref Info: New property: page on input line 766.
)
\c@abspage=\count289
Package zref Info: New property: abspage on input line 66.
) (d:/texlive/2021/texmf-dist/tex/latex/needspace/needspace.sty
Package: needspace 2010/09/12 v1.3d reserve vertical space
)
\mdf@templength=\skip61
\c@mdf@globalstyle@cnt=\count290
\mdf@skipabove@length=\skip62
\mdf@skipbelow@length=\skip63
\mdf@leftmargin@length=\skip64
\mdf@rightmargin@length=\skip65
\mdf@innerleftmargin@length=\skip66
\mdf@innerrightmargin@length=\skip67
\mdf@innertopmargin@length=\skip68
\mdf@innerbottommargin@length=\skip69
\mdf@splittopskip@length=\skip70
\mdf@splitbottomskip@length=\skip71
\mdf@outermargin@length=\skip72
\mdf@innermargin@length=\skip73
\mdf@linewidth@length=\skip74
\mdf@innerlinewidth@length=\skip75
\mdf@middlelinewidth@length=\skip76
\mdf@outerlinewidth@length=\skip77
\mdf@roundcorner@length=\skip78
\mdf@footenotedistance@length=\skip79
\mdf@userdefinedwidth@length=\skip80
\mdf@needspace@length=\skip81
\mdf@frametitleaboveskip@length=\skip82
\mdf@frametitlebelowskip@length=\skip83
\mdf@frametitlerulewidth@length=\skip84
\mdf@frametitleleftmargin@length=\skip85
\mdf@frametitlerightmargin@length=\skip86
\mdf@shadowsize@length=\skip87
\mdf@extratopheight@length=\skip88
\mdf@subtitleabovelinewidth@length=\skip89
\mdf@subtitlebelowlinewidth@length=\skip90
\mdf@subtitleaboveskip@length=\skip91
\mdf@subtitlebelowskip@length=\skip92
\mdf@subtitleinneraboveskip@length=\skip93
\mdf@subtitleinnerbelowskip@length=\skip94
\mdf@subsubtitleabovelinewidth@length=\skip95
\mdf@subsubtitlebelowlinewidth@length=\skip96
\mdf@subsubtitleaboveskip@length=\skip97
\mdf@subsubtitlebelowskip@length=\skip98
\mdf@subsubtitleinneraboveskip@length=\skip99
\mdf@subsubtitleinnerbelowskip@length=\skip100
 (d:/texlive/2021/texmf-dist/tex/latex/mdframed/md-frame-0.mdf
File: md-frame-0.mdf 2013/07/01\ 1.9b: md-frame-0
)
\mdf@frametitlebox=\box50
\mdf@footnotebox=\box51
\mdf@splitbox@one=\box52
\mdf@splitbox@two=\box53
\mdf@splitbox@save=\box54
\mdfsplitboxwidth=\skip101
\mdfsplitboxtotalwidth=\skip102
\mdfsplitboxheight=\skip103
\mdfsplitboxdepth=\skip104
\mdfsplitboxtotalheight=\skip105
\mdfframetitleboxwidth=\skip106
\mdfframetitleboxtotalwidth=\skip107
\mdfframetitleboxheight=\skip108
\mdfframetitleboxdepth=\skip109
\mdfframetitleboxtotalheight=\skip110
\mdffootnoteboxwidth=\skip111
\mdffootnoteboxtotalwidth=\skip112
\mdffootnoteboxheight=\skip113
\mdffootnoteboxdepth=\skip114
\mdffootnoteboxtotalheight=\skip115
\mdftotallinewidth=\skip116
\mdfboundingboxwidth=\skip117
\mdfboundingboxtotalwidth=\skip118
\mdfboundingboxheight=\skip119
\mdfboundingboxdepth=\skip120
\mdfboundingboxtotalheight=\skip121
\mdf@freevspace@length=\skip122
\mdf@horizontalwidthofbox@length=\skip123
\mdf@verticalmarginwhole@length=\skip124
\mdf@horizontalspaceofbox=\skip125
\mdfsubtitleheight=\skip126
\mdfsubsubtitleheight=\skip127
\c@mdfcountframes=\count291

****** mdframed patching \endmdf@trivlist

****** -- success******

\mdf@envdepth=\count292
\c@mdf@env@i=\count293
\c@mdf@env@ii=\count294
\c@mdf@zref@counter=\count295
Package zref Info: New property: mdf@pagevalue on input line 895.
) (d:/texlive/2021/texmf-dist/tex/latex/lipsum/lipsum.sty
Package: lipsum 2021-03-03 v2.3 150 paragraphs of Lorem Ipsum dummy text
 (d:/texlive/2021/texmf-dist/tex/latex/lipsum/lipsum.ltd.tex
File: lipsum.ltd.tex 2021-03-03 v2.3 The Lorem ipsum dummy text
)) (d:/texlive/2021/texmf-dist/tex/latex/mathtools/mathtools.sty
Package: mathtools 2021/03/18 v1.25 mathematical typesetting tools
 (d:/texlive/2021/texmf-dist/tex/latex/tools/calc.sty
Package: calc 2017/05/25 v4.3 Infix arithmetic (KKT,FJ)
\calc@Acount=\count296
\calc@Bcount=\count297
\calc@Adimen=\dimen172
\calc@Bdimen=\dimen173
\calc@Askip=\skip128
\calc@Bskip=\skip129
LaTeX Info: Redefining \setlength on input line 80.
LaTeX Info: Redefining \addtolength on input line 81.
\calc@Ccount=\count298
\calc@Cskip=\skip130
) (d:/texlive/2021/texmf-dist/tex/latex/mathtools/mhsetup.sty
Package: mhsetup 2021/03/18 v1.4 programming setup (MH)
)
LaTeX Info: Thecontrolsequence`\('isalreadyrobust on input line 130.
LaTeX Info: Thecontrolsequence`\)'isalreadyrobust on input line 130.
LaTeX Info: Thecontrolsequence`\['isalreadyrobust on input line 130.
LaTeX Info: Thecontrolsequence`\]'isalreadyrobust on input line 130.
\g_MT_multlinerow_int=\count299
\l_MT_multwidth_dim=\dimen174
\origjot=\skip131
\l_MT_shortvdotswithinadjustabove_dim=\dimen175
\l_MT_shortvdotswithinadjustbelow_dim=\dimen176
\l_MT_above_intertext_sep=\dimen177
\l_MT_below_intertext_sep=\dimen178
\l_MT_above_shortintertext_sep=\dimen179
\l_MT_below_shortintertext_sep=\dimen180
\xmathstrut@box=\box55
\xmathstrut@dim=\dimen181
) (d:/texlive/2021/texmf-dist/tex/latex/algorithms/algorithm.sty
Package: algorithm 2009/08/24 v0.1 Document Style `algorithm' - floating environment
 (d:/texlive/2021/texmf-dist/tex/latex/float/float.sty
Package: float 2001/11/08 v1.3d Float enhancements (AL)
\c@float@type=\count300
\float@exts=\toks30
\float@box=\box56
\@float@everytoks=\toks31
\@floatcapt=\box57
) (d:/texlive/2021/texmf-dist/tex/latex/base/ifthen.sty
Package: ifthen 2014/09/29 v1.1c Standard LaTeX ifthen package (DPC)
)
\@float@every@algorithm=\toks32
\c@algorithm=\count301
) (d:/texlive/2021/texmf-dist/tex/latex/algorithms/algorithmic.sty
Package: algorithmic 2009/08/24 v0.1 Document Style `algorithmic'
\c@ALC@unique=\count302
\c@ALC@line=\count303
\c@ALC@rem=\count304
\c@ALC@depth=\count305
\ALC@tlm=\skip132
\algorithmicindent=\skip133
)
\c@thm-box=\count306
\c@prop-box=\count307
\c@def-box=\count308
 (d:/texlive/2021/texmf-dist/tex/latex/fancyhdr/fancyhdr.sty
Package: fancyhdr 2021/01/28 v4.0.1 Extensive control of page headers and footers
\f@nch@headwidth=\skip134
\f@nch@O@elh=\skip135
\f@nch@O@erh=\skip136
\f@nch@O@olh=\skip137
\f@nch@O@orh=\skip138
\f@nch@O@elf=\skip139
\f@nch@O@erf=\skip140
\f@nch@O@olf=\skip141
\f@nch@O@orf=\skip142
) (d:/texlive/2021/texmf-dist/tex/latex/lastpage/lastpage.sty
Package: lastpage 2015/03/29 v1.2m Refers to last page's name (HMM; JPG)
) (d:/texlive/2021/texmf-dist/tex/latex/tools/layout.sty
Package: layout 2014/10/28 v1.2c Show layout parameters
\oneinch=\count309
\cnt@paperwidth=\count310
\cnt@paperheight=\count311
\cnt@hoffset=\count312
\cnt@voffset=\count313
\cnt@textheight=\count314
\cnt@textwidth=\count315
\cnt@topmargin=\count316
\cnt@oddsidemargin=\count317
\cnt@evensidemargin=\count318
\cnt@headheight=\count319
\cnt@headsep=\count320
\cnt@marginparsep=\count321
\cnt@marginparwidth=\count322
\cnt@marginparpush=\count323
\cnt@footskip=\count324
\fheight=\count325
\ref@top=\count326
\ref@hoffset=\count327
\ref@voffset=\count328
\ref@head=\count329
\ref@body=\count330
\ref@foot=\count331
\ref@margin=\count332
\ref@marginwidth=\count333
\ref@marginpar=\count334
\Interval=\count335
\ExtraYPos=\count336
\PositionX=\count337
\PositionY=\count338
\ArrowLength=\count339
)
\c@myThm=\count340
 (d:/texlive/2021/texmf-dist/tex/latex/multirow/multirow.sty
Package: multirow 2021/03/15 v2.8 Span multiple rows of a table
\multirow@colwidth=\skip143
\multirow@cntb=\count341
\multirow@dima=\skip144
\bigstrutjot=\dimen182
)

LaTeX Warning: Unused global option(s):
    [UTF8].

(d:/Git/cv/Assignment2/latex template/template.aux)
\openout1 = `template.aux'.

LaTeX Font Info:    Checking defaults for OML/cmm/m/it on input line 64.
LaTeX Font Info:    ... okay on input line 64.
LaTeX Font Info:    Checking defaults for OMS/cmsy/m/n on input line 64.
LaTeX Font Info:    ... okay on input line 64.
LaTeX Font Info:    Checking defaults for OT1/cmr/m/n on input line 64.
LaTeX Font Info:    ... okay on input line 64.
LaTeX Font Info:    Checking defaults for T1/cmr/m/n on input line 64.
LaTeX Font Info:    ... okay on input line 64.
LaTeX Font Info:    Checking defaults for TS1/cmr/m/n on input line 64.
LaTeX Font Info:    ... okay on input line 64.
LaTeX Font Info:    Checking defaults for OMX/cmex/m/n on input line 64.
LaTeX Font Info:    ... okay on input line 64.
LaTeX Font Info:    Checking defaults for U/cmr/m/n on input line 64.
LaTeX Font Info:    ... okay on input line 64.
LaTeX Font Info:    Checking defaults for PD1/pdf/m/n on input line 64.
LaTeX Font Info:    ... okay on input line 64.
LaTeX Font Info:    Checking defaults for PU/pdf/m/n on input line 64.
LaTeX Font Info:    ... okay on input line 64.

*geometry* driver: auto-detecting
*geometry* detected driver: pdftex
*geometry* verbose mode - [ preamble ] result:
* driver: pdftex
* paper: a4paper
* layout: <same size as paper>
* layoutoffset:(h,v)=(0.0pt,0.0pt)
* modes: 
* h-part:(L,W,R)=(90.3375pt, 416.83289pt, 90.3375pt)
* v-part:(T,H,B)=(90.3375pt, 664.37186pt, 90.3375pt)
* \paperwidth=597.50787pt
* \paperheight=845.04684pt
* \textwidth=433.62pt
* \textheight=664.37186pt
* \oddsidemargin=18.0675pt
* \evensidemargin=18.06749pt
* \topmargin=-36.135pt
* \headheight=12.0pt
* \headsep=25.0pt
* \topskip=10.0pt
* \footskip=10.0pt
* \marginparwidth=57.0pt
* \marginparsep=11.0pt
* \columnsep=10.0pt
* \skip\footins=14.22636pt
* \hoffset=0.0pt
* \voffset=0.0pt
* \mag=1000
* \@twocolumnfalse
* \@twosidefalse
* \@mparswitchfalse
* \@reversemarginfalse
* (1in=72.27pt=25.4mm, 1cm=28.453pt)

(d:/texlive/2021/texmf-dist/tex/context/base/mkii/supp-pdf.mkii
[Loading MPS to PDF converter (version 2006.09.02).]
\scratchcounter=\count342
\scratchdimen=\dimen183
\scratchbox=\box58
\nofMPsegments=\count343
\nofMParguments=\count344
\everyMPshowfont=\toks33
\MPscratchCnt=\count345
\MPscratchDim=\dimen184
\MPnumerator=\count346
\makeMPintoPDFobject=\count347
\everyMPtoPDFconversion=\toks34
) (d:/texlive/2021/texmf-dist/tex/latex/epstopdf-pkg/epstopdf-base.sty
Package: epstopdf-base 2020-01-24 v2.11 Base part for package epstopdf
Package epstopdf-base Info: Redefining graphics rule for `.eps' on input line 485.
 (d:/texlive/2021/texmf-dist/tex/latex/latexconfig/epstopdf-sys.cfg
File: epstopdf-sys.cfg 2010/07/13 v1.3 Configuration of (r)epstopdf for TeX Live
))
Package caption Info: Begin \AtBeginDocument code.
Package caption Info: subfig package v1.3 is loaded.
Package caption Info: float package is loaded.
Package caption Info: hyperref package is loaded.
Package caption Info: End \AtBeginDocument code.
Package hyperref Info: Link coloring OFF on input line 64.
 (d:/texlive/2021/texmf-dist/tex/latex/hyperref/nameref.sty
Package: nameref 2021-04-02 v2.47 Cross-referencing by name of section
 (d:/texlive/2021/texmf-dist/tex/latex/refcount/refcount.sty
Package: refcount 2019/12/15 v3.6 Data extraction from label references (HO)
) (d:/texlive/2021/texmf-dist/tex/generic/gettitlestring/gettitlestring.sty
Package: gettitlestring 2019/12/15 v1.6 Cleanup title references (HO)
)
\c@section@level=\count348
)
LaTeX Info: Redefining \ref on input line 64.
LaTeX Info: Redefining \pageref on input line 64.
LaTeX Info: Redefining \nameref on input line 64.
 (d:/Git/cv/Assignment2/latex template/template.out) (d:/Git/cv/Assignment2/latex template/template.out)
\@outlinefile=\write3
\openout3 = `template.out'.

Package lastpage Info: Please have a look at the pageslts package at
(lastpage)             https://www.ctan.org/pkg/pageslts
(lastpage)             ! on input line 64.
LaTeX Font Info:    Trying to load font information for U+msa on input line 69.
 (d:/texlive/2021/texmf-dist/tex/latex/amsfonts/umsa.fd
File: umsa.fd 2013/01/14 v3.01 AMS symbols A
)
LaTeX Font Info:    Trying to load font information for U+msb on input line 69.
 (d:/texlive/2021/texmf-dist/tex/latex/amsfonts/umsb.fd
File: umsb.fd 2013/01/14 v3.01 AMS symbols B
)
<3096.jpg, id=53, 482.80376pt x 322.20375pt>
File: 3096.jpg Graphic file (type jpg)
<use 3096.jpg>
Package pdftex.def Info: 3096.jpg  used on input line 86.
(pdftex.def)             Requested size: 212.47617pt x 141.79958pt.
<3096re.jpg, id=54, 482.80376pt x 322.20375pt>
File: 3096re.jpg Graphic file (type jpg)
<use 3096re.jpg>
Package pdftex.def Info: 3096re.jpg  used on input line 87.
(pdftex.def)             Requested size: 212.47617pt x 141.79958pt.
<16077.jpg, id=55, 482.80376pt x 322.20375pt>
File: 16077.jpg Graphic file (type jpg)
<use 16077.jpg>
Package pdftex.def Info: 16077.jpg  used on input line 93.
(pdftex.def)             Requested size: 212.47617pt x 141.79958pt.
<16077re.jpg, id=56, 482.80376pt x 322.20375pt>
File: 16077re.jpg Graphic file (type jpg)
<use 16077re.jpg>
Package pdftex.def Info: 16077re.jpg  used on input line 94.
(pdftex.def)             Requested size: 212.47617pt x 141.79958pt.
 [1

{d:/texlive/2021/texmf-var/fonts/map/pdftex/updmap/pdftex.map} <d:/Git/cv/Assignment2/latex template/3096.jpg> <d:/Git/cv/Assignment2/latex template/3096re.jpg>]
<pr_full.jpg, id=72, 777.90625pt x 495.8525pt>
File: pr_full.jpg Graphic file (type jpg)
<use pr_full.jpg>
Package pdftex.def Info: pr_full.jpg  used on input line 100.
(pdftex.def)             Requested size: 212.47617pt x 135.43301pt.
File: 3096.jpg Graphic file (type jpg)
<use 3096.jpg>
Package pdftex.def Info: 3096.jpg  used on input line 113.
(pdftex.def)             Requested size: 212.47617pt x 141.79958pt.
<3096re2.jpg, id=73, 482.80376pt x 322.20375pt>
File: 3096re2.jpg Graphic file (type jpg)
<use 3096re2.jpg>
Package pdftex.def Info: 3096re2.jpg  used on input line 114.
(pdftex.def)             Requested size: 212.47617pt x 141.79958pt.
File: 16077.jpg Graphic file (type jpg)
<use 16077.jpg>
Package pdftex.def Info: 16077.jpg  used on input line 120.
(pdftex.def)             Requested size: 212.47617pt x 141.79958pt.
<16077re2.jpg, id=74, 482.80376pt x 322.20375pt>
File: 16077re2.jpg Graphic file (type jpg)
<use 16077re2.jpg>
Package pdftex.def Info: 16077re2.jpg  used on input line 121.
(pdftex.def)             Requested size: 212.47617pt x 141.79958pt.


Package fancyhdr Warning: \footskip is too small (10.0pt): 
(fancyhdr)                Make it at least 12.0pt, for example:
(fancyhdr)                \setlength{\footskip}{12.0pt}.

[2 <d:/Git/cv/Assignment2/latex template/16077.jpg> <d:/Git/cv/Assignment2/latex template/16077re.jpg> <d:/Git/cv/Assignment2/latex template/pr_full.jpg> <d:/Git/cv/Assignment2/latex template/3096re2.jpg>]
<pr_full2.jpg, id=83, 777.90625pt x 495.8525pt>
File: pr_full2.jpg Graphic file (type jpg)
<use pr_full2.jpg>
Package pdftex.def Info: pr_full2.jpg  used on input line 127.
(pdftex.def)             Requested size: 212.47617pt x 135.43301pt.


Package fancyhdr Warning: \footskip is too small (10.0pt): 
(fancyhdr)                Make it at least 12.0pt, for example:
(fancyhdr)                \setlength{\footskip}{12.0pt}.

[3 <d:/Git/cv/Assignment2/latex template/16077re2.jpg> <d:/Git/cv/Assignment2/latex template/pr_full2.jpg>]
Overfull \hbox (11.0541pt too wide) detected at line 162
\OT1/cmr/m/n/10 = \OML/cmm/m/it/10 compareSegmentations\OT1/cmr/m/n/10 (\OML/cmm/m/it/10 origIm; bank; textons; winSize; numColorRegions; numTextureRegions\OT1/cmr/m/n/10 )
 []

<gumballs.jpg, id=90, 47.18063pt x 35.18823pt>
File: gumballs.jpg Graphic file (type jpg)
<use gumballs.jpg>
Package pdftex.def Info: gumballs.jpg  used on input line 172.
(pdftex.def)             Requested size: 151.76964pt x 113.2129pt.
<gumballs1.png, id=91, 134.904pt x 100.6962pt>
File: gumballs1.png Graphic file (type png)
<use gumballs1.png>
Package pdftex.def Info: gumballs1.png  used on input line 174.
(pdftex.def)             Requested size: 151.76964pt x 113.29521pt.
<gumballs2.png, id=92, 134.904pt x 100.6962pt>
File: gumballs2.png Graphic file (type png)
<use gumballs2.png>
Package pdftex.def Info: gumballs2.png  used on input line 175.
(pdftex.def)             Requested size: 151.76964pt x 113.29521pt.

Package fancyhdr Warning: \footskip is too small (10.0pt): 
(fancyhdr)                Make it at least 12.0pt, for example:
(fancyhdr)                \setlength{\footskip}{12.0pt}.

[4]
<snake.jpg, id=97, 552.0625pt x 435.6275pt>
File: snake.jpg Graphic file (type jpg)
<use snake.jpg>
Package pdftex.def Info: snake.jpg  used on input line 181.
(pdftex.def)             Requested size: 151.76964pt x 119.76137pt.
<snake1.png, id=98, 127.1952pt x 100.6962pt>
File: snake1.png Graphic file (type png)
<use snake1.png>
Package pdftex.def Info: snake1.png  used on input line 183.
(pdftex.def)             Requested size: 151.76964pt x 120.15721pt.
<snake2.png, id=99, 127.1952pt x 100.6962pt>
File: snake2.png Graphic file (type png)
<use snake2.png>
Package pdftex.def Info: snake2.png  used on input line 184.
(pdftex.def)             Requested size: 151.76964pt x 120.15721pt.
<twins.jpg, id=100, 379.4175pt x 586.19pt>
File: twins.jpg Graphic file (type jpg)
<use twins.jpg>
Package pdftex.def Info: twins.jpg  used on input line 190.
(pdftex.def)             Requested size: 95.39693pt x 147.37898pt.
<twins1.png, id=101, 66.4884pt x 100.6962pt>
File: twins1.png Graphic file (type png)
<use twins1.png>
Package pdftex.def Info: twins1.png  used on input line 192.
(pdftex.def)             Requested size: 95.39693pt x 144.48613pt.
<twins2.png, id=102, 66.4884pt x 100.6962pt>
File: twins2.png Graphic file (type png)
<use twins2.png>
Package pdftex.def Info: twins2.png  used on input line 193.
(pdftex.def)             Requested size: 95.39693pt x 144.48613pt.


Package fancyhdr Warning: \footskip is too small (10.0pt): 
(fancyhdr)                Make it at least 12.0pt, for example:
(fancyhdr)                \setlength{\footskip}{12.0pt}.

[5 <d:/Git/cv/Assignment2/latex template/gumballs.jpg> <d:/Git/cv/Assignment2/latex template/gumballs1.png (PNG copy)> <d:/Git/cv/Assignment2/latex template/gumballs2.png (PNG copy)> <d:/Git/cv/Assignment2/latex template/snake.jpg> <d:/Git/cv/Assignment2/latex template/snake1.png (PNG copy)> <d:/Git/cv/Assignment2/latex template/snake2.png (PNG copy)>]
<coins.jpg, id=116, 240.9pt x 160.6803pt>
File: coins.jpg Graphic file (type jpg)
<use coins.jpg>
Package pdftex.def Info: coins.jpg  used on input line 199.
(pdftex.def)             Requested size: 151.76964pt x 101.23402pt.
<coins1.png, id=117, 149.358pt x 100.2144pt>
File: coins1.png Graphic file (type png)
<use coins1.png>
Package pdftex.def Info: coins1.png  used on input line 201.
(pdftex.def)             Requested size: 151.76964pt x 101.84114pt.
<coins2.png, id=118, 149.358pt x 100.2144pt>
File: coins2.png Graphic file (type png)
<use coins2.png>
Package pdftex.def Info: coins2.png  used on input line 202.
(pdftex.def)             Requested size: 151.76964pt x 101.84114pt.
<twins_smallWin.png, id=119, 71.7882pt x 109.8504pt>
File: twins_smallWin.png Graphic file (type png)
<use twins_smallWin.png>
Package pdftex.def Info: twins_smallWin.png  used on input line 210.
(pdftex.def)             Requested size: 108.405pt x 165.89653pt.
<twins_largeWin.png, id=120, 71.7882pt x 109.8504pt>
File: twins_largeWin.png Graphic file (type png)
<use twins_largeWin.png>
Package pdftex.def Info: twins_largeWin.png  used on input line 211.
(pdftex.def)             Requested size: 108.405pt x 165.89653pt.


Package fancyhdr Warning: \footskip is too small (10.0pt): 
(fancyhdr)                Make it at least 12.0pt, for example:
(fancyhdr)                \setlength{\footskip}{12.0pt}.

[6 <d:/Git/cv/Assignment2/latex template/twins.jpg> <d:/Git/cv/Assignment2/latex template/twins1.png (PNG copy)> <d:/Git/cv/Assignment2/latex template/twins2.png (PNG copy)> <d:/Git/cv/Assignment2/latex template/coins.jpg> <d:/Git/cv/Assignment2/latex template/coins1.png (PNG copy)> <d:/Git/cv/Assignment2/latex template/coins2.png (PNG copy)>]
<filter_bank.png, id=133, 353.06906pt x 283.81032pt>
File: filter_bank.png Graphic file (type png)
<use filter_bank.png>
Package pdftex.def Info: filter_bank.png  used on input line 219.
(pdftex.def)             Requested size: 212.47617pt x 170.79851pt.
<twins_filter.png, id=135, 71.7882pt x 109.8504pt>
File: twins_filter.png Graphic file (type png)
<use twins_filter.png>
Package pdftex.def Info: twins_filter.png  used on input line 225.
(pdftex.def)             Requested size: 108.405pt x 165.89653pt.


Package fancyhdr Warning: \footskip is too small (10.0pt): 
(fancyhdr)                Make it at least 12.0pt, for example:
(fancyhdr)                \setlength{\footskip}{12.0pt}.

[7 <d:/Git/cv/Assignment2/latex template/twins_smallWin.png (PNG copy)> <d:/Git/cv/Assignment2/latex template/twins_largeWin.png (PNG copy)> <d:/Git/cv/Assignment2/latex template/filter_bank.png>]
No file template.bbl.

AED: lastpage setting LastPage

Package fancyhdr Warning: \footskip is too small (10.0pt): 
(fancyhdr)                Make it at least 12.0pt, for example:
(fancyhdr)                \setlength{\footskip}{12.0pt}.

[8 <d:/Git/cv/Assignment2/latex template/twins_filter.png (PNG copy)>] (d:/Git/cv/Assignment2/latex template/template.aux)
Package rerunfilecheck Info: File `template.out' has not changed.
(rerunfilecheck)             Checksum: 4686FD0F4DB167868C70CF1C40CCA6CE;1391.
 ) 
Here is how much of TeX's memory you used:
 13660 strings out of 478994
 210245 string characters out of 5862207
 676606 words of memory out of 5000000
 30831 multiletter control sequences out of 15000+600000
 416204 words of font info for 74 fonts, out of 8000000 for 9000
 1141 hyphenation exceptions out of 8191
 81i,12n,89p,508b,360s stack positions out of 5000i,500n,10000p,200000b,80000s
<d:/texlive/2021/texmf-dist/fonts/type1/public/amsfonts/cm/cmbx10.pfb><d:/texlive/2021/texmf-dist/fonts/type1/public/amsfonts/cm/cmbx12.pfb><d:/texlive/2021/texmf-dist/fonts/type1/public/amsfonts/cm/cmmi10.pfb><d:/texlive/2021/texmf-dist/fonts/type1/public/amsfonts/cm/cmr10.pfb><d:/texlive/2021/texmf-dist/fonts/type1/public/amsfonts/cm/cmr12.pfb><d:/texlive/2021/texmf-dist/fonts/type1/public/amsfonts/cm/cmr17.pfb><d:/texlive/2021/texmf-dist/fonts/type1/public/amsfonts/cm/cmsy10.pfb>
Output written on "d:/Git/cv/Assignment2/latex template/template.pdf" (8 pages, 1014058 bytes).
PDF statistics:
 188 PDF objects out of 1000 (max. 8388607)
 144 compressed objects within 2 object streams
 50 named destinations out of 1000 (max. 500000)
 217 words of extra memory for PDF output out of 10000 (max. 10000000)

